<?xml version="1.0" encoding="UTF-8"?>
<testng-results ignored="0" total="1" passed="1" failed="0" skipped="0">
  <reporter-output>
  </reporter-output>
  <suite started-at="2026-02-28T12:56:53 IST" name="Surefire suite" finished-at="2026-02-28T12:57:22 IST" duration-ms="29399">
    <groups>
    </groups>
    <test started-at="2026-02-28T12:56:53 IST" name="Surefire test" finished-at="2026-02-28T12:57:22 IST" duration-ms="29399">
      <class name="tests.LoginTest">
        <test-method is-config="true" signature="setUp()[pri:0, instance:tests.LoginTest@69b2283a]" started-at="2026-02-28T12:56:53 IST" name="setUp" finished-at="2026-02-28T12:57:17 IST" duration-ms="24488" status="PASS">
          <reporter-output>
          </reporter-output>
        </test-method> <!-- setUp -->
        <test-method signature="verifyLogin()[pri:0, instance:tests.LoginTest@69b2283a]" started-at="2026-02-28T12:57:17 IST" name="verifyLogin" finished-at="2026-02-28T12:57:21 IST" duration-ms="3908" status="PASS">
          <reporter-output>
          </reporter-output>
        </test-method> <!-- verifyLogin -->
        <test-method is-config="true" signature="tearDown()[pri:0, instance:tests.LoginTest@69b2283a]" started-at="2026-02-28T12:57:21 IST" name="tearDown" finished-at="2026-02-28T12:57:22 IST" duration-ms="945" status="PASS">
          <reporter-output>
          </reporter-output>
        </test-method> <!-- tearDown -->
      </class> <!-- tests.LoginTest -->
    </test> <!-- Surefire test -->
  </suite> <!-- Surefire suite -->
</testng-results>
